<?xml version="1.0" encoding="UTF-8"?>
<!-- Generated by org.testng.reporters.JUnitXMLReporter -->
<testsuite ignored="0" hostname="MacBook-Pro-4.local" failures="0" tests="1" name="Default test" time="0.05" errors="0" timestamp="2023-10-02T22:54:56 EDT">
  <testcase classname="test.SeleniumTest" name="@BeforeTest setupTest" time="-1.696301696685E9">
    <failure type="org.testng.TestNGException" message="
Parameter &amp;apos;browserName&amp;apos; is required by BeforeTest on method setupTest but has not been marked @Optional or defined
in /private/var/folders/_2/pxw_z0bn68d5pgdcjz7zrpz80000gp/T/testng-eclipse--782833403/testng-customsuite.xml">
      <![CDATA[org.testng.TestNGException: 
Parameter 'browserName' is required by BeforeTest on method setupTest but has not been marked @Optional or defined
in /private/var/folders/_2/pxw_z0bn68d5pgdcjz7zrpz80000gp/T/testng-eclipse--782833403/testng-customsuite.xml
at org.testng.internal.Parameters.createParams(Parameters.java:267)
at org.testng.internal.Parameters.createParametersForMethod(Parameters.java:355)
at org.testng.internal.Parameters.createParameters(Parameters.java:684)
at org.testng.internal.Parameters.createConfigurationParameters(Parameters.java:166)
at org.testng.internal.invokers.ConfigInvoker.invokeConfigurations(ConfigInvoker.java:306)
at org.testng.TestRunner.invokeTestConfigurations(TestRunner.java:663)
at org.testng.TestRunner.beforeRun(TestRunner.java:652)
at org.testng.TestRunner.run(TestRunner.java:614)
at org.testng.SuiteRunner.runTest(SuiteRunner.java:443)
at org.testng.SuiteRunner.runSequentially(SuiteRunner.java:437)
at org.testng.SuiteRunner.privateRun(SuiteRunner.java:397)
at org.testng.SuiteRunner.run(SuiteRunner.java:336)
at org.testng.SuiteRunnerWorker.runSuite(SuiteRunnerWorker.java:52)
at org.testng.SuiteRunnerWorker.run(SuiteRunnerWorker.java:95)
at org.testng.TestNG.runSuitesSequentially(TestNG.java:1280)
at org.testng.TestNG.runSuitesLocally(TestNG.java:1200)
at org.testng.TestNG.runSuites(TestNG.java:1114)
at org.testng.TestNG.run(TestNG.java:1082)
at org.testng.remote.AbstractRemoteTestNG.run(AbstractRemoteTestNG.java:115)
at org.testng.remote.RemoteTestNG.initAndRun(RemoteTestNG.java:251)
at org.testng.remote.RemoteTestNG.main(RemoteTestNG.java:77)
]]>
    </failure>
  </testcase> <!-- @BeforeTest setupTest -->
  <testcase classname="test.SeleniumTest" name="@AfterTest tearDown" time="0.0">
    <skipped/>
  </testcase> <!-- @AfterTest tearDown -->
  <testcase classname="test.SeleniumTest" name="testSauceDemo" time="0.0">
    <skipped/>
  </testcase> <!-- testSauceDemo -->
</testsuite> <!-- Default test -->
