<?xml version="1.0" encoding="UTF-8"?>
<testng-results ignored="0" total="1" passed="1" failed="0" skipped="0">
  <reporter-output>
  </reporter-output>
  <suite started-at="2023-09-27T15:38:00 EDT" name="Default suite" finished-at="2023-09-27T15:38:06 EDT" duration-ms="6066">
    <groups>
    </groups>
    <test started-at="2023-09-27T15:38:00 EDT" name="Default test" finished-at="2023-09-27T15:38:06 EDT" duration-ms="6066">
      <class name="test.GOOGLTicker_POM">
        <test-method is-config="true" signature="setupTest()[pri:0, instance:test.GOOGLTicker_POM@5fdcaa40]" started-at="2023-09-27T15:38:00 EDT" name="setupTest" finished-at="2023-09-27T15:38:03 EDT" duration-ms="2540" status="PASS">
          <reporter-output>
          </reporter-output>
        </test-method> <!-- setupTest -->
        <test-method signature="googleFinanceSearch()[pri:0, instance:test.GOOGLTicker_POM@5fdcaa40]" started-at="2023-09-27T15:38:03 EDT" name="googleFinanceSearch" finished-at="2023-09-27T15:38:06 EDT" duration-ms="3316" status="PASS">
          <reporter-output>
          </reporter-output>
        </test-method> <!-- googleFinanceSearch -->
        <test-method is-config="true" signature="teardownTest()[pri:0, instance:test.GOOGLTicker_POM@5fdcaa40]" started-at="2023-09-27T15:38:06 EDT" name="teardownTest" finished-at="2023-09-27T15:38:06 EDT" duration-ms="177" status="PASS">
          <reporter-output>
          </reporter-output>
        </test-method> <!-- teardownTest -->
      </class> <!-- test.GOOGLTicker_POM -->
    </test> <!-- Default test -->
  </suite> <!-- Default suite -->
</testng-results>
