<?xml version="1.0" encoding="UTF-8"?>
<testng-results ignored="0" total="2" passed="2" failed="0" skipped="0">
  <reporter-output>
  </reporter-output>
  <suite started-at="2023-10-03T00:20:52 EDT" name="Suite" finished-at="2023-10-03T00:21:01 EDT" duration-ms="8600">
    <groups>
    </groups>
    <test started-at="2023-10-03T00:20:52 EDT" name="TestChrome" finished-at="2023-10-03T00:20:56 EDT" duration-ms="3197">
      <class name="test.SeleniumTest">
        <test-method is-config="true" signature="setupTest(java.lang.String)[pri:0, instance:test.SeleniumTest@6dc17b83]" started-at="2023-10-03T00:20:52 EDT" name="setupTest" finished-at="2023-10-03T00:20:55 EDT" duration-ms="2308" status="PASS">
          <params>
            <param index="0">
              <value>
                <![CDATA[chrome]]>
              </value>
            </param>
          </params>
          <reporter-output>
          </reporter-output>
        </test-method> <!-- setupTest -->
        <test-method signature="testSauceDemo()[pri:0, instance:test.SeleniumTest@6dc17b83]" started-at="2023-10-03T00:20:55 EDT" name="testSauceDemo" finished-at="2023-10-03T00:20:55 EDT" duration-ms="697" status="PASS">
          <reporter-output>
          </reporter-output>
        </test-method> <!-- testSauceDemo -->
        <test-method is-config="true" signature="tearDown()[pri:0, instance:test.SeleniumTest@6dc17b83]" started-at="2023-10-03T00:20:55 EDT" name="tearDown" finished-at="2023-10-03T00:20:56 EDT" duration-ms="168" status="PASS">
          <reporter-output>
          </reporter-output>
        </test-method> <!-- tearDown -->
      </class> <!-- test.SeleniumTest -->
    </test> <!-- TestChrome -->
    <test started-at="2023-10-03T00:20:56 EDT" name="TestFF" finished-at="2023-10-03T00:21:01 EDT" duration-ms="5250">
      <class name="test.SeleniumTest">
        <test-method is-config="true" signature="setupTest(java.lang.String)[pri:0, instance:test.SeleniumTest@1d2adfbe]" started-at="2023-10-03T00:20:56 EDT" name="setupTest" finished-at="2023-10-03T00:20:59 EDT" duration-ms="3143" status="PASS">
          <params>
            <param index="0">
              <value>
                <![CDATA[firefox]]>
              </value>
            </param>
          </params>
          <reporter-output>
          </reporter-output>
        </test-method> <!-- setupTest -->
        <test-method signature="testSauceDemo()[pri:0, instance:test.SeleniumTest@1d2adfbe]" started-at="2023-10-03T00:20:59 EDT" name="testSauceDemo" finished-at="2023-10-03T00:21:00 EDT" duration-ms="1362" status="PASS">
          <reporter-output>
          </reporter-output>
        </test-method> <!-- testSauceDemo -->
        <test-method is-config="true" signature="tearDown()[pri:0, instance:test.SeleniumTest@1d2adfbe]" started-at="2023-10-03T00:21:00 EDT" name="tearDown" finished-at="2023-10-03T00:21:01 EDT" duration-ms="741" status="PASS">
          <reporter-output>
          </reporter-output>
        </test-method> <!-- tearDown -->
      </class> <!-- test.SeleniumTest -->
    </test> <!-- TestFF -->
  </suite> <!-- Suite -->
</testng-results>
